0 info it worked if it ends with ok
1 verbose cli [ 'D:\\nodejs\\\\node.exe',
1 verbose cli   'D:\\nodejs\\node_modules\\npm\\bin\\npm-cli.js',
1 verbose cli   'install',
1 verbose cli   '-g',
1 verbose cli   'n' ]
2 info using npm@1.4.3
3 info using node@v0.10.26
4 verbose node symlink D:\nodejs\\node.exe
5 verbose cache add [ 'n', null ]
6 verbose cache add name=undefined spec="n" args=["n",null]
7 verbose parsed url { protocol: null,
7 verbose parsed url   slashes: null,
7 verbose parsed url   auth: null,
7 verbose parsed url   host: null,
7 verbose parsed url   port: null,
7 verbose parsed url   hostname: null,
7 verbose parsed url   hash: null,
7 verbose parsed url   search: null,
7 verbose parsed url   query: null,
7 verbose parsed url   pathname: 'n',
7 verbose parsed url   path: 'n',
7 verbose parsed url   href: 'n' }
8 silly lockFile d1854cae-n n
9 verbose lock n C:\Users\wenhepan\AppData\Roaming\npm-cache\d1854cae-n.lock
10 silly lockFile d1854cae-n n
11 silly lockFile d1854cae-n n
12 verbose addNamed [ 'n', '' ]
13 verbose addNamed [ null, '*' ]
14 silly lockFile 6b58d7dc-n n@
15 verbose lock n@ C:\Users\wenhepan\AppData\Roaming\npm-cache\6b58d7dc-n.lock
16 silly addNameRange { name: 'n', range: '*', hasData: false }
17 verbose url raw n
18 verbose url resolving [ 'https://registry.npmjs.org/', './n' ]
19 verbose url resolved https://registry.npmjs.org/n
20 info trying registry request attempt 1 at 14:45:58
21 http GET https://registry.npmjs.org/n
22 http 200 https://registry.npmjs.org/n
23 silly registry.get cb [ 200,
23 silly registry.get   { 'content-type': 'application/json; charset=UTF-8',
23 silly registry.get     server: 'UploadServer',
23 silly registry.get     'cache-control': 'max-age=300',
23 silly registry.get     'last-modified': 'Wed, 7 Mar 2018 21:11:36 GMT',
23 silly registry.get     etag: '"5aa05588-11758"',
23 silly registry.get     'x-npm-region': 'Asia',
23 silly registry.get     'content-length': '71512',
23 silly registry.get     'accept-ranges': 'bytes',
23 silly registry.get     date: 'Sat, 17 Mar 2018 06:46:00 GMT',
23 silly registry.get     via: '1.1 varnish',
23 silly registry.get     age: '0',
23 silly registry.get     connection: 'keep-alive',
23 silly registry.get     'x-served-by': 'cache-hnd18747-HND',
23 silly registry.get     'x-cache': 'MISS',
23 silly registry.get     'x-cache-hits': '0',
23 silly registry.get     'x-timer': 'S1521269160.086841,VS0,VE228',
23 silly registry.get     vary: 'Accept-Encoding, Accept' } ]
24 silly addNameRange number 2 { name: 'n', range: '*', hasData: true }
25 silly addNameRange versions [ 'n',
25 silly addNameRange   [ '0.0.1',
25 silly addNameRange     '0.0.2',
25 silly addNameRange     '0.0.3',
25 silly addNameRange     '0.0.4',
25 silly addNameRange     '0.1.0',
25 silly addNameRange     '0.1.1',
25 silly addNameRange     '0.1.2',
25 silly addNameRange     '0.2.0',
25 silly addNameRange     '0.2.1',
25 silly addNameRange     '0.2.2',
25 silly addNameRange     '0.3.0',
25 silly addNameRange     '0.4.0',
25 silly addNameRange     '0.4.1',
25 silly addNameRange     '0.4.2',
25 silly addNameRange     '0.5.0',
25 silly addNameRange     '0.5.1',
25 silly addNameRange     '0.5.2',
25 silly addNameRange     '0.5.3',
25 silly addNameRange     '0.5.4',
25 silly addNameRange     '0.6.0',
25 silly addNameRange     '0.6.1',
25 silly addNameRange     '0.7.0',
25 silly addNameRange     '0.7.1',
25 silly addNameRange     '0.7.2',
25 silly addNameRange     '0.7.3',
25 silly addNameRange     '0.8.0',
25 silly addNameRange     '0.8.1',
25 silly addNameRange     '0.8.2',
25 silly addNameRange     '0.9.0',
25 silly addNameRange     '0.9.1',
25 silly addNameRange     '0.9.2',
25 silly addNameRange     '0.9.3',
25 silly addNameRange     '1.0.0',
25 silly addNameRange     '1.1.0',
25 silly addNameRange     '1.2.1',
25 silly addNameRange     '1.2.2',
25 silly addNameRange     '1.2.3',
25 silly addNameRange     '1.2.4',
25 silly addNameRange     '1.2.5',
25 silly addNameRange     '1.2.6',
25 silly addNameRange     '1.2.7',
25 silly addNameRange     '1.2.8',
25 silly addNameRange     '1.2.9',
25 silly addNameRange     '1.2.11',
25 silly addNameRange     '1.2.13',
25 silly addNameRange     '1.2.14',
25 silly addNameRange     '1.3.0',
25 silly addNameRange     '1.4.0',
25 silly addNameRange     '2.0.0',
25 silly addNameRange     '1.4.1',
25 silly addNameRange     '2.0.1',
25 silly addNameRange     '1.4.2',
25 silly addNameRange     '2.0.2',
25 silly addNameRange     '2.1.0',
25 silly addNameRange     '2.1.1',
25 silly addNameRange     '2.1.2',
25 silly addNameRange     '2.1.3',
25 silly addNameRange     '2.1.4',
25 silly addNameRange     '2.1.5',
25 silly addNameRange     '2.1.6',
25 silly addNameRange     '2.1.7',
25 silly addNameRange     '2.1.8' ] ]
26 verbose addNamed [ 'n', '2.1.8' ]
27 verbose addNamed [ '2.1.8', '2.1.8' ]
28 silly lockFile af105cb9-n-2-1-8 n@2.1.8
29 verbose lock n@2.1.8 C:\Users\wenhepan\AppData\Roaming\npm-cache\af105cb9-n-2-1-8.lock
30 silly lockFile 14e0ffe6-registry-npmjs-org-n-n-2-1-8-tgz https://registry.npmjs.org/n/-/n-2.1.8.tgz
31 verbose lock https://registry.npmjs.org/n/-/n-2.1.8.tgz C:\Users\wenhepan\AppData\Roaming\npm-cache\14e0ffe6-registry-npmjs-org-n-n-2-1-8-tgz.lock
32 verbose addRemoteTarball [ 'https://registry.npmjs.org/n/-/n-2.1.8.tgz',
32 verbose addRemoteTarball   '9b770f6ae0a93c49c64fb614625a63cc5a22d1fd' ]
33 info retry fetch attempt 1 at 14:46:00
34 verbose fetch to= C:\Users\wenhepan\AppData\Local\Temp\npm-10748-8lc3ADEV\1521269160357-0.09102365490980446\tmp.tgz
35 http GET https://registry.npmjs.org/n/-/n-2.1.8.tgz
36 http 200 https://registry.npmjs.org/n/-/n-2.1.8.tgz
37 verbose tar unpack C:\Users\wenhepan\AppData\Local\Temp\npm-10748-8lc3ADEV\1521269160357-0.09102365490980446\tmp.tgz
38 silly lockFile 68b53ae6-0357-0-09102365490980446-package tar://C:\Users\wenhepan\AppData\Local\Temp\npm-10748-8lc3ADEV\1521269160357-0.09102365490980446\package
39 verbose lock tar://C:\Users\wenhepan\AppData\Local\Temp\npm-10748-8lc3ADEV\1521269160357-0.09102365490980446\package C:\Users\wenhepan\AppData\Roaming\npm-cache\68b53ae6-0357-0-09102365490980446-package.lock
40 silly lockFile 2c2a988c-0357-0-09102365490980446-tmp-tgz tar://C:\Users\wenhepan\AppData\Local\Temp\npm-10748-8lc3ADEV\1521269160357-0.09102365490980446\tmp.tgz
41 verbose lock tar://C:\Users\wenhepan\AppData\Local\Temp\npm-10748-8lc3ADEV\1521269160357-0.09102365490980446\tmp.tgz C:\Users\wenhepan\AppData\Roaming\npm-cache\2c2a988c-0357-0-09102365490980446-tmp-tgz.lock
42 silly gunzTarPerm modes [ '755', '644' ]
43 silly gunzTarPerm extractEntry package.json
44 silly gunzTarPerm extractEntry README.md
45 silly gunzTarPerm extractEntry .github/CONTRIBUTING.md
46 silly gunzTarPerm extractEntry .github/ISSUE_TEMPLATE.md
47 silly gunzTarPerm extractEntry .github/PULL_REQUEST_TEMPLATE.md
48 silly gunzTarPerm extractEntry Dockerfile
49 silly gunzTarPerm extractEntry Makefile
50 silly gunzTarPerm extractEntry bin/n
51 silly lockFile 68b53ae6-0357-0-09102365490980446-package tar://C:\Users\wenhepan\AppData\Local\Temp\npm-10748-8lc3ADEV\1521269160357-0.09102365490980446\package
52 silly lockFile 68b53ae6-0357-0-09102365490980446-package tar://C:\Users\wenhepan\AppData\Local\Temp\npm-10748-8lc3ADEV\1521269160357-0.09102365490980446\package
53 silly lockFile 2c2a988c-0357-0-09102365490980446-tmp-tgz tar://C:\Users\wenhepan\AppData\Local\Temp\npm-10748-8lc3ADEV\1521269160357-0.09102365490980446\tmp.tgz
54 silly lockFile 2c2a988c-0357-0-09102365490980446-tmp-tgz tar://C:\Users\wenhepan\AppData\Local\Temp\npm-10748-8lc3ADEV\1521269160357-0.09102365490980446\tmp.tgz
55 verbose tar pack [ 'C:\\Users\\wenhepan\\AppData\\Roaming\\npm-cache\\n\\2.1.8\\package.tgz',
55 verbose tar pack   'C:\\Users\\wenhepan\\AppData\\Local\\Temp\\npm-10748-8lc3ADEV\\1521269160357-0.09102365490980446\\package' ]
56 verbose tarball C:\Users\wenhepan\AppData\Roaming\npm-cache\n\2.1.8\package.tgz
57 verbose folder C:\Users\wenhepan\AppData\Local\Temp\npm-10748-8lc3ADEV\1521269160357-0.09102365490980446\package
58 silly lockFile 68b53ae6-0357-0-09102365490980446-package tar://C:\Users\wenhepan\AppData\Local\Temp\npm-10748-8lc3ADEV\1521269160357-0.09102365490980446\package
59 verbose lock tar://C:\Users\wenhepan\AppData\Local\Temp\npm-10748-8lc3ADEV\1521269160357-0.09102365490980446\package C:\Users\wenhepan\AppData\Roaming\npm-cache\68b53ae6-0357-0-09102365490980446-package.lock
60 silly lockFile d17938ed-ng-npm-cache-n-2-1-8-package-tgz tar://C:\Users\wenhepan\AppData\Roaming\npm-cache\n\2.1.8\package.tgz
61 verbose lock tar://C:\Users\wenhepan\AppData\Roaming\npm-cache\n\2.1.8\package.tgz C:\Users\wenhepan\AppData\Roaming\npm-cache\d17938ed-ng-npm-cache-n-2-1-8-package-tgz.lock
62 silly lockFile 68b53ae6-0357-0-09102365490980446-package tar://C:\Users\wenhepan\AppData\Local\Temp\npm-10748-8lc3ADEV\1521269160357-0.09102365490980446\package
63 silly lockFile 68b53ae6-0357-0-09102365490980446-package tar://C:\Users\wenhepan\AppData\Local\Temp\npm-10748-8lc3ADEV\1521269160357-0.09102365490980446\package
64 silly lockFile d17938ed-ng-npm-cache-n-2-1-8-package-tgz tar://C:\Users\wenhepan\AppData\Roaming\npm-cache\n\2.1.8\package.tgz
65 silly lockFile d17938ed-ng-npm-cache-n-2-1-8-package-tgz tar://C:\Users\wenhepan\AppData\Roaming\npm-cache\n\2.1.8\package.tgz
66 silly lockFile 3bedf83f-oaming-npm-cache-n-2-1-8-package C:\Users\wenhepan\AppData\Roaming\npm-cache\n\2.1.8\package
67 verbose lock C:\Users\wenhepan\AppData\Roaming\npm-cache\n\2.1.8\package C:\Users\wenhepan\AppData\Roaming\npm-cache\3bedf83f-oaming-npm-cache-n-2-1-8-package.lock
68 silly lockFile 3bedf83f-oaming-npm-cache-n-2-1-8-package C:\Users\wenhepan\AppData\Roaming\npm-cache\n\2.1.8\package
69 silly lockFile 3bedf83f-oaming-npm-cache-n-2-1-8-package C:\Users\wenhepan\AppData\Roaming\npm-cache\n\2.1.8\package
70 verbose tar unpack C:\Users\wenhepan\AppData\Roaming\npm-cache\n\2.1.8\package.tgz
71 silly lockFile e6f4a933-oaming-npm-cache-n-2-1-8-package tar://C:\Users\wenhepan\AppData\Roaming\npm-cache\n\2.1.8\package
72 verbose lock tar://C:\Users\wenhepan\AppData\Roaming\npm-cache\n\2.1.8\package C:\Users\wenhepan\AppData\Roaming\npm-cache\e6f4a933-oaming-npm-cache-n-2-1-8-package.lock
73 silly lockFile d17938ed-ng-npm-cache-n-2-1-8-package-tgz tar://C:\Users\wenhepan\AppData\Roaming\npm-cache\n\2.1.8\package.tgz
74 verbose lock tar://C:\Users\wenhepan\AppData\Roaming\npm-cache\n\2.1.8\package.tgz C:\Users\wenhepan\AppData\Roaming\npm-cache\d17938ed-ng-npm-cache-n-2-1-8-package-tgz.lock
75 silly gunzTarPerm modes [ '755', '644' ]
76 silly gunzTarPerm extractEntry package.json
77 silly gunzTarPerm modified mode [ 'package.json', 438, 420 ]
78 silly gunzTarPerm extractEntry README.md
79 silly gunzTarPerm modified mode [ 'README.md', 438, 420 ]
80 silly gunzTarPerm extractEntry .github/CONTRIBUTING.md
81 silly gunzTarPerm modified mode [ '.github/CONTRIBUTING.md', 438, 420 ]
82 silly gunzTarPerm extractEntry .github/ISSUE_TEMPLATE.md
83 silly gunzTarPerm modified mode [ '.github/ISSUE_TEMPLATE.md', 438, 420 ]
84 silly gunzTarPerm extractEntry .github/PULL_REQUEST_TEMPLATE.md
85 silly gunzTarPerm modified mode [ '.github/PULL_REQUEST_TEMPLATE.md', 438, 420 ]
86 silly gunzTarPerm extractEntry Dockerfile
87 silly gunzTarPerm modified mode [ 'Dockerfile', 438, 420 ]
88 silly gunzTarPerm extractEntry Makefile
89 silly gunzTarPerm modified mode [ 'Makefile', 438, 420 ]
90 silly gunzTarPerm extractEntry bin/n
91 silly gunzTarPerm modified mode [ 'bin/n', 438, 420 ]
92 silly lockFile e6f4a933-oaming-npm-cache-n-2-1-8-package tar://C:\Users\wenhepan\AppData\Roaming\npm-cache\n\2.1.8\package
93 silly lockFile e6f4a933-oaming-npm-cache-n-2-1-8-package tar://C:\Users\wenhepan\AppData\Roaming\npm-cache\n\2.1.8\package
94 silly lockFile d17938ed-ng-npm-cache-n-2-1-8-package-tgz tar://C:\Users\wenhepan\AppData\Roaming\npm-cache\n\2.1.8\package.tgz
95 silly lockFile d17938ed-ng-npm-cache-n-2-1-8-package-tgz tar://C:\Users\wenhepan\AppData\Roaming\npm-cache\n\2.1.8\package.tgz
96 verbose chmod C:\Users\wenhepan\AppData\Roaming\npm-cache\n\2.1.8\package.tgz 644
97 silly chown skipping for windows C:\Users\wenhepan\AppData\Roaming\npm-cache\n\2.1.8\package.tgz
98 silly lockFile 14e0ffe6-registry-npmjs-org-n-n-2-1-8-tgz https://registry.npmjs.org/n/-/n-2.1.8.tgz
99 silly lockFile 14e0ffe6-registry-npmjs-org-n-n-2-1-8-tgz https://registry.npmjs.org/n/-/n-2.1.8.tgz
100 silly lockFile af105cb9-n-2-1-8 n@2.1.8
101 silly lockFile af105cb9-n-2-1-8 n@2.1.8
102 silly lockFile 6b58d7dc-n n@
103 silly lockFile 6b58d7dc-n n@
104 silly resolved [ { name: 'n',
104 silly resolved     description: 'Interactively Manage All Your Node Versions',
104 silly resolved     version: '2.1.8',
104 silly resolved     author: { name: 'TJ Holowaychuk', email: 'tj@vision-media.ca' },
104 silly resolved     homepage: 'https://github.com/tj/n',
104 silly resolved     bugs: { url: 'https://github.com/tj/n/issues' },
104 silly resolved     contributors: [ [Object], [Object], [Object] ],
104 silly resolved     keywords:
104 silly resolved      [ 'nvm',
104 silly resolved        'node',
104 silly resolved        'version',
104 silly resolved        'manager',
104 silly resolved        'switcher',
104 silly resolved        'node',
104 silly resolved        'binary',
104 silly resolved        'env' ],
104 silly resolved     bin: { n: './bin/n' },
104 silly resolved     repository: { type: 'git', url: 'git://github.com/tj/n.git' },
104 silly resolved     preferGlobal: true,
104 silly resolved     os: [ '!win32' ],
104 silly resolved     engines: { node: '*' },
104 silly resolved     license: 'MIT',
104 silly resolved     readme: '# `n` – Interactively Manage Your Node.js Versions\n\n[![Join the chat at https://gitter.im/tj/n](https://img.shields.io/gitter/room/tj/n.svg?style=flat-square)](https://gitter.im/tj/n)\n[![npm](https://img.shields.io/npm/dt/n.svg?style=flat-square)](https://www.npmjs.com/package/n)\n[![npm](https://img.shields.io/npm/dm/n.svg?style=flat-square)](https://www.npmjs.com/package/n)\n[![npm](https://img.shields.io/npm/v/n.svg?style=flat-square)](https://www.npmjs.com/package/n)\n[![npm](https://img.shields.io/npm/l/n.svg?style=flat-square)](https://www.npmjs.com/package/n)\n\nNode.js version management: no subshells, no profile setup, no convoluted API, just **simple**.\n\n## **Want to install Node nightly releases? Try [this](https://github.com/tj/n/issues/376#issuecomment-250876666)!**\n\n![](http://nimit.io/images/n/n.gif)\n\n(Unfortunately `n` is not supported on Windows yet. If you\'re able to make it work, send in a pull request!)\n\n## Installation\n\nSince you probably already have `node`, the easiest way to install `n` is through `npm`:\n\n    $ npm install -g n\n\nAlternatively, you can clone this repo and\n\n    $ make install\n\nto install `n` to `bin/n` of the directory specified in the environment variable `$PREFIX`, which defaults to `/usr/local` (note that you will likely need to use `sudo`). To install `n` in a custom location (such as `$CUSTOM_LOCATION/bin/n`), run `PREFIX=$CUSTOM_LOCATION make install`.\n\nOnce installed, `n` installs `node` versions to subdirectory `n/versions` of the directory specified in environment variable `N_PREFIX`, which defaults to `/usr/local`; the _active_ `node`/`iojs` version is installed directly in `N_PREFIX`.\nTo change the default to, say, `$HOME`, prefix later calls to `n` with `N_PREFIX=$HOME ` or add `export N_PREFIX=$HOME` to your shell initialization file.\n\nAdditionally, consider third-party installer [n-install](https://github.com/mklement0/n-install), which allows installation directly from GitHub; for instance,\n\n    curl -L https://git.io/n-install | bash\n\nsets both `PREFIX` and `N_PREFIX` to `$HOME/n`, installs `n` to `$HOME/n/bin`, modifies the initialization files of supported shells to export `N_PREFIX` and add `$HOME/n/bin` to the `PATH`, and installs the latest stable `node` version.\n\n\nAs a result, both `n` itself and all `node` versions it manages are hosted inside a single, optionally configurable directory, which you can later remove with the included `n-uninstall` script. `n-update` updates `n` itself to the latest version. See the [n-install repo](https://github.com/mklement0/n-install) for more details.\n\n### Installing/Activating Versions\n\nSimply execute `n <version>` to install a version of `node`. If `<version` has already been installed (via `n`), `n` will activate that version.\n\n    $ n 0.8.14\n    $ n 0.8.17\n    $ n 0.9.6\n\nExecute `n` on its own to view your currently installed versions. Use the up and down arrow keys to navigate and press enter or the right arrow key to select. Use ^C (control + C) to exit the selection screen.\nIf you like vim key bindings during the selection of node versions, you can use `j` and `k` to navigate up or down without using arrows. \n\n    $ n\n\n      0.8.14\n    ο 0.8.17\n      0.9.6\n\nUse or install the latest official release:\n\n    $ n latest\n\nUse or install the stable official release:\n\n    $ n stable\n\nUse or install the latest LTS official release:\n\n    $ n lts\n\n### Removing Versions\n\nRemove some versions:\n\n    $ n rm 0.9.4 v0.10.0\n\nAlternatively, you can use `-` in lieu of `rm`:\n\n    $ n - 0.9.4\n\nRemoving all versions except the current version:\n\n```bash\n$ n prune \n```\n\n### Binary Usage\n\nWhen running multiple versions of `node`, we can target\nthem directly by asking `n` for the binary path:\n\n    $ n bin 0.9.4\n    /usr/local/n/versions/0.9.4/bin/node\n\nOr by using a specific version through `n`\'s `use` sub-command:\n\n    $ n use 0.9.4 some.js\n\nFlags also work here:\n\n    $ n as 0.9.4 --debug some.js\n\n### Working with `npm`\n\nAfter switching Node.js versions using `n`, `npm` may not work properly. This should fix it (thanks [@mikemoser](https://github.com/mikemoser)!):\n\n```sh\n$ curl -0 -L https://npmjs.com/install.sh | sudo sh\n```\n\n`sudo` may not be required depending on your system configuration.\n\n## Usage\n\nOutput can also be obtained from `n --help`.\n\n    Usage: n [options/env] [COMMAND] [args]\n\n    Environments:\n     n [COMMAND] [args]            Uses default env (node)\n     n io [COMMAND]                Sets env as io\n\n    Commands:\n\n      n                              Output versions installed\n      n latest                       Install or activate the latest node release\n      n -a x86 latest                As above but force 32 bit architecture\n      n stable                       Install or activate the latest stable node release\n      n lts                          Install or activate the latest LTS node release\n      n <version>                    Install node <version>\n      n use <version> [args ...]     Execute node <version> with [args ...]\n      n bin <version>                Output bin path for <version>\n      n rm <version ...>             Remove the given version(s)\n      n prune                        Remove all versions except the current version\n      n --latest                     Output the latest node version available\n      n --stable                     Output the latest stable node version available\n      n --lts                        Output the latest LTS node version available\n      n ls                           Output the versions of node available\n\n    (iojs):\n\n      n io latest                    Install or activate the latest iojs release\n      n io -a x86 latest             As above but force 32 bit architecture\n      n io <version>                 Install iojs <version>\n      n io use <version> [args ...]  Execute iojs <version> with [args ...]\n      n io bin <version>             Output bin path for <version>\n      n io rm <version ...>          Remove the given version(s)\n      n io --latest                  Output the latest iojs version available\n      n io ls                        Output the versions of iojs available\n\n    Options:\n\n      -V, --version   Output current version of n\n      -h, --help      Display help information\n      -q, --quiet     Disable curl output (if available)\n      -d, --download  Download only\n      -a, --arch      Override system architecture\n\n    Aliases:\n\n      which   bin\n      use     as\n      list    ls\n      -       rm\n\n## Custom source\n\nIf you would like to use a project other than the official Node.js or io.js projects, you can use the special `n project [command]` which allows you to control the behavior of `n` using environment variables.\n\nFor example, to grab the latest io.js version but name it "foo" instead,\n\n      PROJECT_NAME="foo" PROJECT_URL="https://iojs.org/dist/" n project latest\n\nRequired Variables:\n\n* `PROJECT_NAME`: The name the project will be stored under\n* `PROJECT_URL`: The location to download the project from. Note, this must follow the same format as the io.js/Node.js repos\n\nOptional Variables:\n\n* `HTTP_USER`: The username if the `PROJECT_URL` is protected by basic authentication\n* `HTTP_PASSWORD`: The password if the `PROJECT_URL` is protected by basic authentication\n* `PROJECT_VERSION_CHECK`: Many custom projects keep the same version number as the Node.js release they are based on, and maintain their own separate version in process. This allows you to define a JavaScript variable that will be used to check for the version of the process, for example: `process.versions.node`\n\n## Custom architecture\n\nBy default `n` picks the binaries matching your system architecture, e.g. `n` will download 64 bit binaries for a 64 bit system. You can override this by using the `-a` or `--arch` option.\n\nDownload and use latest 32 bit version of `node`:\n\n    $ n --arch x86 latest\n\nDownload and use latest 32 bit version of `iojs`:\n\n    $ n io --arch x86 latest\n\nDownload and use 64 bit LTS version of `node` for older Mac Intel Core 2 Duo systems (x86 image is no longer available but x64 runs fine):\n\n    $ n --arch x64 lts\n\n## Additional Details\n\n`n` installs versions to `/usr/local/n/versions` by default. Here, it can see what versions are currently installed and activate previously installed versions accordingly when `n <version>` is invoked again.\n\nActivated versions are then installed to the prefix `/usr/local`, which may be altered via the __`N_PREFIX`__ environment variable.\n\nTo alter where `n` operates, simply `export N_PREFIX`.\n\n`n` does not work on Windows at the moment. Pull Requests are appreciated.\n\nIf you are searching for the latest version of `n` below 2.x.x, check out the branch `1.x.x`.\n\n## Core Team\n\n* Nimit Kalra – [@qw3rtman](https://github.com/qw3rtman)\n* Ted Gaydos – [@tedgaydos](https://github.com/tedgaydos)\n* Travis Webb – [@tjwebb](https://github.com/tjwebb)\n\nPlease Read [Contributing Docs](https://github.com/tj/n/blob/master/.github/CONTRIBUTING.md)\n\n## License\n\n(The MIT License)\n\nCopyright (c) 2014 TJ Holowaychuk &lt;tj@vision-media.ca&gt;\n\nPermission is hereby granted, free of charge, to any person obtaining\na copy of this software and associated documentation files (the\n\'Software\'), to deal in the Software without restriction, including\nwithout limitation the rights to use, copy, modify, merge, publish,\ndistribute, sublicense, and/or sell copies of the Software, and to\npermit persons to whom the Software is furnished to do so, subject to\nthe following conditions:\n\nThe above copyright notice and this permission notice shall be\nincluded in all copies or substantial portions of the Software.\n\nTHE SOFTWARE IS PROVIDED \'AS IS\', WITHOUT WARRANTY OF ANY KIND,\nEXPRESS OR IMPLIED, INCLUDING BUT NOT LIMITED TO THE WARRANTIES OF\nMERCHANTABILITY, FITNESS FOR A PARTICULAR PURPOSE AND NONINFRINGEMENT.\nIN NO EVENT SHALL THE AUTHORS OR COPYRIGHT HOLDERS BE LIABLE FOR ANY\nCLAIM, DAMAGES OR OTHER LIABILITY, WHETHER IN AN ACTION OF CONTRACT,\nTORT OR OTHERWISE, ARISING FROM, OUT OF OR IN CONNECTION WITH THE\nSOFTWARE OR THE USE OR OTHER DEALINGS IN THE SOFTWARE.\n',
104 silly resolved     readmeFilename: 'README.md',
104 silly resolved     _id: 'n@2.1.8',
104 silly resolved     dist: { shasum: '4e553ad9bcc2cb0e4a0d62290cc1b8f06111596b' },
104 silly resolved     _from: 'n@',
104 silly resolved     _resolved: 'https://registry.npmjs.org/n/-/n-2.1.8.tgz' } ]
105 info install n@2.1.8 into C:\Users\wenhepan\AppData\Roaming\npm
106 info installOne n@2.1.8
107 error notsup Unsupported
107 error notsup Not compatible with your operating system or architecture: n@2.1.8
107 error notsup Valid OS:    !win32
107 error notsup Valid Arch:  any
107 error notsup Actual OS:   win32
107 error notsup Actual Arch: x64
108 error System Windows_NT 6.2.9200
109 error command "D:\\nodejs\\\\node.exe" "D:\\nodejs\\node_modules\\npm\\bin\\npm-cli.js" "install" "-g" "n"
110 error cwd C:\Users\wenhepan
111 error node -v v0.10.26
112 error npm -v 1.4.3
113 error code EBADPLATFORM
114 verbose exit [ 1, true ]
